<?xml version="1.0" encoding="UTF-8"?>
<testsuite name="sendgridEmail.ApplicationTest" tests="2" skipped="1" failures="1" errors="0" timestamp="2022-08-25T08:40:14" hostname="savera" time="0.003">
  <properties/>
  <testcase name="Spec execution failed" classname="sendgridEmail.ApplicationTest" time="0.002">
    <skipped/>
  </testcase>
  <testcase name="executionError" classname="sendgridEmail.ApplicationTest" time="0.0">
    <failure message="io.kotest.core.SpecInstantiationException: Could not create instance of class sendgridEmail.ApplicationTest" type="io.kotest.core.SpecInstantiationException">io.kotest.core.SpecInstantiationException: Could not create instance of class sendgridEmail.ApplicationTest
	at app//io.kotest.engine.spec.InstantiateSpecKt.javaReflectNewInstance(instantiateSpec.kt:44)
	at app//io.kotest.engine.spec.InstantiateSpecKt.createAndInitializeSpec(instantiateSpec.kt:26)
	at app//io.kotest.engine.spec.SpecExecutor.createInstance(SpecExecutor.kt:53)
	at app//io.kotest.engine.spec.SpecExecutor.execute(SpecExecutor.kt:40)
	at app//io.kotest.engine.launchers.DefaultSpecLauncher$sequential$3$1$2.invokeSuspend(DefaultSpecLauncher.kt:56)
	at app//kotlin.coroutines.jvm.internal.BaseContinuationImpl.resumeWith(ContinuationImpl.kt:33)
	at app//kotlinx.coroutines.DispatchedTask.run(DispatchedTask.kt:106)
	at java.base@11.0.15/java.util.concurrent.ThreadPoolExecutor.runWorker(ThreadPoolExecutor.java:1128)
	at java.base@11.0.15/java.util.concurrent.ThreadPoolExecutor$Worker.run(ThreadPoolExecutor.java:628)
	at java.base@11.0.15/java.lang.Thread.run(Thread.java:834)
Caused by: io.kotest.core.SpecInstantiationException: Could not create instance of class sendgridEmail.ApplicationTest. Specs must have a public zero-arg constructor.
	at app//io.kotest.engine.spec.InstantiateSpecKt.javaReflectNewInstance(instantiateSpec.kt:37)
	... 9 more
</failure>
  </testcase>
  <system-out><![CDATA[]]></system-out>
  <system-err><![CDATA[io.kotest.core.SpecInstantiationException: Could not create instance of class sendgridEmail.ApplicationTest
	at io.kotest.engine.spec.InstantiateSpecKt.javaReflectNewInstance(instantiateSpec.kt:44)
	at io.kotest.engine.spec.InstantiateSpecKt.createAndInitializeSpec(instantiateSpec.kt:26)
	at io.kotest.engine.spec.SpecExecutor.createInstance(SpecExecutor.kt:53)
	at io.kotest.engine.spec.SpecExecutor.execute(SpecExecutor.kt:40)
	at io.kotest.engine.launchers.DefaultSpecLauncher$sequential$3$1$2.invokeSuspend(DefaultSpecLauncher.kt:56)
	at kotlin.coroutines.jvm.internal.BaseContinuationImpl.resumeWith(ContinuationImpl.kt:33)
	at kotlinx.coroutines.DispatchedTask.run(DispatchedTask.kt:106)
	at java.base/java.util.concurrent.ThreadPoolExecutor.runWorker(ThreadPoolExecutor.java:1128)
	at java.base/java.util.concurrent.ThreadPoolExecutor$Worker.run(ThreadPoolExecutor.java:628)
	at java.base/java.lang.Thread.run(Thread.java:834)
Caused by: io.kotest.core.SpecInstantiationException: Could not create instance of class sendgridEmail.ApplicationTest. Specs must have a public zero-arg constructor.
	at io.kotest.engine.spec.InstantiateSpecKt.javaReflectNewInstance(instantiateSpec.kt:37)
	... 9 more
io.kotest.core.SpecInstantiationException: Could not create instance of class sendgridEmail.ApplicationTest
	at io.kotest.engine.spec.InstantiateSpecKt.javaReflectNewInstance(instantiateSpec.kt:44)
	at io.kotest.engine.spec.InstantiateSpecKt.createAndInitializeSpec(instantiateSpec.kt:26)
	at io.kotest.engine.spec.SpecExecutor.createInstance(SpecExecutor.kt:53)
	at io.kotest.engine.spec.SpecExecutor.execute(SpecExecutor.kt:40)
	at io.kotest.engine.launchers.DefaultSpecLauncher$sequential$3$1$2.invokeSuspend(DefaultSpecLauncher.kt:56)
	at kotlin.coroutines.jvm.internal.BaseContinuationImpl.resumeWith(ContinuationImpl.kt:33)
	at kotlinx.coroutines.DispatchedTask.run(DispatchedTask.kt:106)
	at java.base/java.util.concurrent.ThreadPoolExecutor.runWorker(ThreadPoolExecutor.java:1128)
	at java.base/java.util.concurrent.ThreadPoolExecutor$Worker.run(ThreadPoolExecutor.java:628)
	at java.base/java.lang.Thread.run(Thread.java:834)
Caused by: io.kotest.core.SpecInstantiationException: Could not create instance of class sendgridEmail.ApplicationTest. Specs must have a public zero-arg constructor.
	at io.kotest.engine.spec.InstantiateSpecKt.javaReflectNewInstance(instantiateSpec.kt:37)
	... 9 more
]]></system-err>
</testsuite>
